<?xml version="1.0" encoding="UTF-8"?>
<!-- Generated by org.testng.reporters.JUnitXMLReporter -->
<testsuite ignored="1" hostname="DESKTOP-H9AB4PT" failures="0" tests="2" name="smoke" time="0.086" errors="0" timestamp="2023-09-19T16:43:44 IST">
  <testcase classname="TestNG.Sample1" name="sample1" time="0.012"/>
  <testcase classname="TestNG.Simple1Test" name="simple1" time="0.001"/>
  <testcase classname="TestNG.Demo1" name="demo1" time="0.0">
    <ignored/>
  </testcase> <!-- demo1 -->
</testsuite> <!-- smoke -->
