<?xml version="1.0" encoding="UTF-8"?>
<!-- Generated by org.testng.reporters.JUnitXMLReporter -->
<testsuite ignored="4" hostname="DESKTOP-H9AB4PT" failures="0" tests="3" name="Test2" time="36.71" errors="0" timestamp="2023-09-20T10:39:09 IST">
  <testcase classname="com.AdminModule.InsertProductByAdmin_TestNg" name="insertProduct" time="12.509"/>
  <testcase classname="com.AdminModule.CreateCategoryByAdminTestNG" name="createCategory" time="6.128"/>
  <testcase classname="com.AdminModule.ManageOrderByAdmin_TestNG" name="manageOrder" time="1.54"/>
  <testcase classname="com.osa.genericUtils.BaseClass" name="@AfterSuite configBS" time="0.0">
    <ignored/>
  </testcase> <!-- @AfterSuite configBS -->
  <testcase classname="com.osa.genericUtils.BaseClass" name="@AfterSuite configBS" time="0.0">
    <ignored/>
  </testcase> <!-- @AfterSuite configBS -->
  <testcase classname="com.osa.genericUtils.BaseClass" name="@BeforeSuite configDB" time="0.0">
    <ignored/>
  </testcase> <!-- @BeforeSuite configDB -->
  <testcase classname="com.osa.genericUtils.BaseClass" name="@BeforeSuite configDB" time="0.0">
    <ignored/>
  </testcase> <!-- @BeforeSuite configDB -->
</testsuite> <!-- Test2 -->
