<?xml version="1.0" encoding="UTF-8"?>
<!-- Generated by org.testng.reporters.JUnitXMLReporter -->
<testsuite ignored="2" hostname="DESKTOP-H9AB4PT" failures="1" tests="2" name="Test" time="18.314" errors="0" timestamp="2023-09-21T13:48:58 IST">
  <testcase classname="com.AdminModule.InsertProductByAdmin_TestNg" name="insertProduct" time="6.049">
    <failure type="java.lang.AssertionError" message="null">
      <![CDATA[java.lang.AssertionError: null
at com.AdminModule.InsertProductByAdmin_TestNg.insertProduct(InsertProductByAdmin_TestNg.java:47)
at java.base/java.util.ArrayList.forEach(ArrayList.java:1511)
at java.base/java.util.concurrent.FutureTask.run(FutureTask.java:264)
at java.base/java.util.concurrent.ThreadPoolExecutor.runWorker(ThreadPoolExecutor.java:1136)
at java.base/java.util.concurrent.ThreadPoolExecutor$Worker.run(ThreadPoolExecutor.java:635)
at java.base/java.lang.Thread.run(Thread.java:833)
... Removed 19 stack frames]]>
    </failure>
  </testcase> <!-- insertProduct -->
  <testcase classname="com.AdminModule.ManageOrderByAdmin_TestNG" name="manageOrder" time="2.313"/>
  <testcase classname="com.osa.genericUtils.BaseClass" name="@AfterSuite configBS" time="0.0">
    <ignored/>
  </testcase> <!-- @AfterSuite configBS -->
  <testcase classname="com.osa.genericUtils.BaseClass" name="@BeforeSuite configDB" time="0.0">
    <ignored/>
  </testcase> <!-- @BeforeSuite configDB -->
</testsuite> <!-- Test -->
