<?xml version="1.0" encoding="UTF-8"?>
<!-- Generated by org.testng.reporters.JUnitXMLReporter -->
<testsuite ignored="4" hostname="DESKTOP-H9AB4PT" failures="0" tests="3" name="TestRunner-2" time="1.282" errors="0" timestamp="2023-09-20T10:34:30 IST">
  <testcase classname="com.AdminModule.InsertProductByAdmin_TestNg" name="insertProduct" time="0.001">
    <skipped/>
  </testcase> <!-- insertProduct -->
  <testcase classname="com.AdminModule.CreateCategoryByAdminTestNG" name="createCategory" time="0.0">
    <skipped/>
  </testcase> <!-- createCategory -->
  <testcase classname="com.AdminModule.ManageOrderByAdmin_TestNG" name="manageOrder" time="0.0">
    <skipped/>
  </testcase> <!-- manageOrder -->
  <testcase classname="com.osa.genericUtils.BaseClass" name="@AfterSuite configBS" time="0.0">
    <ignored/>
  </testcase> <!-- @AfterSuite configBS -->
  <testcase classname="com.osa.genericUtils.BaseClass" name="@BeforeSuite configDB" time="0.0">
    <ignored/>
  </testcase> <!-- @BeforeSuite configDB -->
  <testcase classname="com.osa.genericUtils.BaseClass" name="@AfterSuite configBS" time="0.0">
    <ignored/>
  </testcase> <!-- @AfterSuite configBS -->
  <testcase classname="com.osa.genericUtils.BaseClass" name="@BeforeSuite configDB" time="0.0">
    <ignored/>
  </testcase> <!-- @BeforeSuite configDB -->
</testsuite> <!-- TestRunner-2 -->
