<?xml version="1.0" encoding="UTF-8"?>
<!-- Generated by org.testng.reporters.JUnitXMLReporter -->
<testsuite ignored="2" hostname="DESKTOP-H9AB4PT" failures="0" tests="2" name="TestRunner=2" time="8.029" errors="0" timestamp="2023-09-19T17:30:50 IST">
  <testcase classname="TestNG.Demo1" name="demo1" time="0.007"/>
  <testcase classname="TestNG.Simple1Test" name="simple1" time="0.001"/>
  <testcase classname="com.osa.genericUtils.BaseClass" name="@AfterSuite configBS" time="0.0">
    <ignored/>
  </testcase> <!-- @AfterSuite configBS -->
  <testcase classname="com.osa.genericUtils.BaseClass" name="@BeforeSuite configDB" time="0.0">
    <ignored/>
  </testcase> <!-- @BeforeSuite configDB -->
</testsuite> <!-- TestRunner=2 -->
