<?xml version="1.0" encoding="UTF-8"?>
<testng-results ignored="2" total="4" passed="1" failed="1" skipped="0">
  <reporter-output>
    <line>
      <![CDATA[insertProduct-----> Execution starts]]>
    </line>
    <line>
      <![CDATA[insertProduct----> Failed]]>
    </line>
    <line>
      <![CDATA[manageOrder-----> Execution starts]]>
    </line>
    <line>
      <![CDATA[manageOrder----Testscript executed successfully]]>
    </line>
  </reporter-output>
  <suite started-at="2023-09-21T13:48:39 IST" name="Suite" finished-at="2023-09-21T13:48:58 IST" duration-ms="18314">
    <groups>
      <group name="regression">
        <method signature="ManageOrderByAdmin_TestNG.manageOrder()[pri:0, instance:com.AdminModule.ManageOrderByAdmin_TestNG@cb0755b]" name="manageOrder" class="com.AdminModule.ManageOrderByAdmin_TestNG"/>
      </group> <!-- regression -->
    </groups>
    <test started-at="2023-09-21T13:48:39 IST" name="Test" finished-at="2023-09-21T13:48:58 IST" duration-ms="18314">
      <class name="com.AdminModule.InsertProductByAdmin_TestNg">
        <test-method is-config="true" signature="configDB()[pri:0, instance:com.AdminModule.InsertProductByAdmin_TestNg@795509d9]" started-at="2023-09-21T13:48:39 IST" name="configDB" finished-at="2023-09-21T13:48:39 IST" duration-ms="301" status="PASS">
          <reporter-output>
          </reporter-output>
        </test-method> <!-- configDB -->
        <test-method is-config="true" signature="configBC()[pri:0, instance:com.AdminModule.InsertProductByAdmin_TestNg@795509d9]" started-at="2023-09-21T13:48:40 IST" name="configBC" finished-at="2023-09-21T13:48:43 IST" duration-ms="3575" status="PASS">
          <reporter-output>
          </reporter-output>
        </test-method> <!-- configBC -->
        <test-method is-config="true" signature="configBM()[pri:0, instance:com.AdminModule.InsertProductByAdmin_TestNg@795509d9]" started-at="2023-09-21T13:48:43 IST" name="configBM" finished-at="2023-09-21T13:48:44 IST" duration-ms="707" status="PASS">
          <reporter-output>
          </reporter-output>
        </test-method> <!-- configBM -->
        <test-method signature="insertProduct()[pri:0, instance:com.AdminModule.InsertProductByAdmin_TestNg@795509d9]" started-at="2023-09-21T13:48:44 IST" name="insertProduct" finished-at="2023-09-21T13:48:50 IST" duration-ms="6049" status="FAIL">
          <exception class="java.lang.AssertionError">
            <message>
              <![CDATA[null]]>
            </message>
            <full-stacktrace>
              <![CDATA[java.lang.AssertionError: null
at org.testng.Assert.fail(Assert.java:110)
at org.testng.Assert.fail(Assert.java:115)
at com.AdminModule.InsertProductByAdmin_TestNg.insertProduct(InsertProductByAdmin_TestNg.java:47)
at java.base/jdk.internal.reflect.NativeMethodAccessorImpl.invoke0(Native Method)
at java.base/jdk.internal.reflect.NativeMethodAccessorImpl.invoke(NativeMethodAccessorImpl.java:77)
at java.base/jdk.internal.reflect.DelegatingMethodAccessorImpl.invoke(DelegatingMethodAccessorImpl.java:43)
at java.base/java.lang.reflect.Method.invoke(Method.java:568)
at org.testng.internal.invokers.MethodInvocationHelper.invokeMethod(MethodInvocationHelper.java:139)
at org.testng.internal.invokers.TestInvoker.invokeMethod(TestInvoker.java:677)
at org.testng.internal.invokers.TestInvoker.invokeTestMethod(TestInvoker.java:221)
at org.testng.internal.invokers.MethodRunner.runInSequence(MethodRunner.java:50)
at org.testng.internal.invokers.TestInvoker$MethodInvocationAgent.invoke(TestInvoker.java:969)
at org.testng.internal.invokers.TestInvoker.invokeTestMethods(TestInvoker.java:194)
at org.testng.internal.invokers.TestMethodWorker.invokeTestMethods(TestMethodWorker.java:148)
at org.testng.internal.invokers.TestMethodWorker.run(TestMethodWorker.java:128)
at java.base/java.util.ArrayList.forEach(ArrayList.java:1511)
at org.testng.TestRunner.privateRun(TestRunner.java:829)
at org.testng.TestRunner.run(TestRunner.java:602)
at org.testng.SuiteRunner.runTest(SuiteRunner.java:437)
at org.testng.SuiteRunner$SuiteWorker.run(SuiteRunner.java:475)
at org.testng.internal.thread.ThreadUtil.lambda$execute$0(ThreadUtil.java:58)
at java.base/java.util.concurrent.FutureTask.run(FutureTask.java:264)
at java.base/java.util.concurrent.ThreadPoolExecutor.runWorker(ThreadPoolExecutor.java:1136)
at java.base/java.util.concurrent.ThreadPoolExecutor$Worker.run(ThreadPoolExecutor.java:635)
at java.base/java.lang.Thread.run(Thread.java:833)
]]>
            </full-stacktrace>
          </exception> <!-- java.lang.AssertionError -->
          <reporter-output>
            <line>
              <![CDATA[insertProduct-----> Execution starts]]>
            </line>
            <line>
              <![CDATA[insertProduct----> Failed]]>
            </line>
          </reporter-output>
        </test-method> <!-- insertProduct -->
        <test-method is-config="true" signature="configAM()[pri:0, instance:com.AdminModule.InsertProductByAdmin_TestNg@795509d9]" started-at="2023-09-21T13:48:50 IST" name="configAM" finished-at="2023-09-21T13:48:51 IST" duration-ms="461" status="PASS">
          <reporter-output>
          </reporter-output>
        </test-method> <!-- configAM -->
        <test-method is-config="true" signature="configAC()[pri:0, instance:com.AdminModule.InsertProductByAdmin_TestNg@795509d9]" started-at="2023-09-21T13:48:51 IST" name="configAC" finished-at="2023-09-21T13:48:51 IST" duration-ms="191" status="PASS">
          <reporter-output>
          </reporter-output>
        </test-method> <!-- configAC -->
        <test-method is-config="true" signature="configBS()[pri:0, instance:com.AdminModule.InsertProductByAdmin_TestNg@795509d9]" started-at="2023-09-21T13:48:58 IST" name="configBS" finished-at="2023-09-21T13:48:58 IST" duration-ms="15" status="PASS">
          <reporter-output>
          </reporter-output>
        </test-method> <!-- configBS -->
      </class> <!-- com.AdminModule.InsertProductByAdmin_TestNg -->
      <class name="com.AdminModule.ManageOrderByAdmin_TestNG">
        <test-method is-config="true" signature="configBC()[pri:0, instance:com.AdminModule.ManageOrderByAdmin_TestNG@cb0755b]" started-at="2023-09-21T13:48:51 IST" name="configBC" finished-at="2023-09-21T13:48:52 IST" duration-ms="1180" status="PASS">
          <reporter-output>
          </reporter-output>
        </test-method> <!-- configBC -->
        <test-method is-config="true" signature="configBM()[pri:0, instance:com.AdminModule.ManageOrderByAdmin_TestNG@cb0755b]" started-at="2023-09-21T13:48:52 IST" name="configBM" finished-at="2023-09-21T13:48:53 IST" duration-ms="843" status="PASS">
          <reporter-output>
          </reporter-output>
        </test-method> <!-- configBM -->
        <test-method signature="manageOrder()[pri:0, instance:com.AdminModule.ManageOrderByAdmin_TestNG@cb0755b]" started-at="2023-09-21T13:48:53 IST" name="manageOrder" finished-at="2023-09-21T13:48:55 IST" duration-ms="2313" status="PASS">
          <reporter-output>
            <line>
              <![CDATA[manageOrder-----> Execution starts]]>
            </line>
            <line>
              <![CDATA[manageOrder----Testscript executed successfully]]>
            </line>
          </reporter-output>
        </test-method> <!-- manageOrder -->
        <test-method is-config="true" signature="configAM()[pri:0, instance:com.AdminModule.ManageOrderByAdmin_TestNG@cb0755b]" started-at="2023-09-21T13:48:55 IST" name="configAM" finished-at="2023-09-21T13:48:57 IST" duration-ms="2074" status="PASS">
          <reporter-output>
          </reporter-output>
        </test-method> <!-- configAM -->
        <test-method is-config="true" signature="configAC()[pri:0, instance:com.AdminModule.ManageOrderByAdmin_TestNG@cb0755b]" started-at="2023-09-21T13:48:57 IST" name="configAC" finished-at="2023-09-21T13:48:58 IST" duration-ms="253" status="PASS">
          <reporter-output>
          </reporter-output>
        </test-method> <!-- configAC -->
      </class> <!-- com.AdminModule.ManageOrderByAdmin_TestNG -->
    </test> <!-- Test -->
  </suite> <!-- Suite -->
</testng-results>
